{
  "stats": {
    "suites": 1,
    "tests": 2,
    "passes": 2,
    "pending": 0,
    "failures": 0,
    "start": "2020-12-16T12:26:40.488Z",
    "end": "2020-12-16T12:26:42.900Z",
    "duration": 2412,
    "testsRegistered": 2,
    "passPercent": 100,
    "pendingPercent": 0,
    "other": 0,
    "hasOther": false,
    "skipped": 0,
    "hasSkipped": false
  },
  "results": [
    {
      "uuid": "0f640ce7-4bb1-48bd-b687-17746ac29373",
      "title": "",
      "fullFile": "cypress/integration/testcases/TC1-BankManagerLoginTest.spec.js",
      "file": "cypress/integration/testcases/TC1-BankManagerLoginTest.spec.js",
      "beforeHooks": [],
      "afterHooks": [],
      "tests": [],
      "suites": [
        {
          "uuid": "d5855ac9-122f-45af-b29e-c9e0f7e826b7",
          "title": "Login as Bank Manager",
          "fullFile": "",
          "file": "",
          "beforeHooks": [],
          "afterHooks": [],
          "tests": [
            {
              "title": "Validate the title of the page",
              "fullTitle": "Login as Bank Manager Validate the title of the page",
              "timedOut": null,
              "duration": 1684,
              "state": "passed",
              "speed": "slow",
              "pass": true,
              "fail": false,
              "pending": false,
              "context": null,
              "code": "homePage.validateTitle().should('eq', 'Protractor practice website - Banking App');",
              "err": {},
              "uuid": "fd298bd1-42bf-45a8-851a-c9372f1d47a5",
              "parentUUID": "d5855ac9-122f-45af-b29e-c9e0f7e826b7",
              "isHook": false,
              "skipped": false
            },
            {
              "title": "Verify login as Bank Manager",
              "fullTitle": "Login as Bank Manager Verify login as Bank Manager",
              "timedOut": null,
              "duration": 685,
              "state": "passed",
              "speed": "slow",
              "pass": true,
              "fail": false,
              "pending": false,
              "context": null,
              "code": "homePage.loginAsBankManager();",
              "err": {},
              "uuid": "30e4adc7-6098-46da-9151-534143ec0eaf",
              "parentUUID": "d5855ac9-122f-45af-b29e-c9e0f7e826b7",
              "isHook": false,
              "skipped": false
            }
          ],
          "suites": [],
          "passes": [
            "fd298bd1-42bf-45a8-851a-c9372f1d47a5",
            "30e4adc7-6098-46da-9151-534143ec0eaf"
          ],
          "failures": [],
          "pending": [],
          "skipped": [],
          "duration": 2369,
          "root": false,
          "rootEmpty": false,
          "_timeout": 2000
        }
      ],
      "passes": [],
      "failures": [],
      "pending": [],
      "skipped": [],
      "duration": 0,
      "root": true,
      "rootEmpty": true,
      "_timeout": 2000
    }
  ],
  "meta": {
    "mocha": {
      "version": "7.0.1"
    },
    "mochawesome": {
      "options": {
        "quiet": false,
        "reportFilename": "mochawesome",
        "saveHtml": false,
        "saveJson": true,
        "consoleReporter": "spec",
        "useInlineDiffs": false,
        "code": true
      },
      "version": "6.2.1"
    },
    "marge": {
      "options": {
        "id": "default",
        "reportDir": "/home/pad/Miha/cypress/PageObjectModel/cypress/reports/mocha",
        "quite": true,
        "charts": true,
        "overwrite": false,
        "html": false,
        "json": true
      },
      "version": "5.1.0"
    }
  }
}