{
  "stats": {
    "suites": 1,
    "tests": 1,
    "passes": 1,
    "pending": 0,
    "failures": 0,
    "start": "2020-12-16T12:26:57.581Z",
    "end": "2020-12-16T12:27:01.267Z",
    "duration": 3686,
    "testsRegistered": 1,
    "passPercent": 100,
    "pendingPercent": 0,
    "other": 0,
    "hasOther": false,
    "skipped": 0,
    "hasSkipped": false
  },
  "results": [
    {
      "uuid": "292540d0-ce20-4850-ad24-42e017706c12",
      "title": "",
      "fullFile": "cypress/integration/testcases/TC3-OpenAccountTest.spec.js",
      "file": "cypress/integration/testcases/TC3-OpenAccountTest.spec.js",
      "beforeHooks": [],
      "afterHooks": [],
      "tests": [],
      "suites": [
        {
          "uuid": "bdad4183-c6b0-4e98-830d-d9b3d69c85f0",
          "title": "Add a Open one account",
          "fullFile": "",
          "file": "",
          "beforeHooks": [],
          "afterHooks": [],
          "tests": [
            {
              "title": "Verify the successful opening of a new account",
              "fullTitle": "Add a Open one account Verify the successful opening of a new account",
              "timedOut": null,
              "duration": 3666,
              "state": "passed",
              "speed": "slow",
              "pass": true,
              "fail": false,
              "pending": false,
              "context": null,
              "code": "addCustomerPage.addCustomerWithAllDetails(data.firstname, data.lastname, data.postcode);\naddCustomerPage.validateAlertMessage(data.custmsg);\nopenAccountPage.openAccount(data.customer, data.currency);\nopenAccountPage.validateAlertMessage1(data.accountmsg);",
              "err": {},
              "uuid": "839dd384-f3d2-4641-b298-753b5b321ed6",
              "parentUUID": "bdad4183-c6b0-4e98-830d-d9b3d69c85f0",
              "isHook": false,
              "skipped": false
            }
          ],
          "suites": [],
          "passes": [
            "839dd384-f3d2-4641-b298-753b5b321ed6"
          ],
          "failures": [],
          "pending": [],
          "skipped": [],
          "duration": 3666,
          "root": false,
          "rootEmpty": false,
          "_timeout": 2000
        }
      ],
      "passes": [],
      "failures": [],
      "pending": [],
      "skipped": [],
      "duration": 0,
      "root": true,
      "rootEmpty": true,
      "_timeout": 2000
    }
  ],
  "meta": {
    "mocha": {
      "version": "7.0.1"
    },
    "mochawesome": {
      "options": {
        "quiet": false,
        "reportFilename": "mochawesome",
        "saveHtml": false,
        "saveJson": true,
        "consoleReporter": "spec",
        "useInlineDiffs": false,
        "code": true
      },
      "version": "6.2.1"
    },
    "marge": {
      "options": {
        "id": "default",
        "reportDir": "/home/pad/Miha/cypress/PageObjectModel/cypress/reports/mocha",
        "quite": true,
        "charts": true,
        "overwrite": false,
        "html": false,
        "json": true
      },
      "version": "5.1.0"
    }
  }
}