{
  "stats": {
    "suites": 1,
    "tests": 1,
    "passes": 1,
    "pending": 0,
    "failures": 0,
    "start": "2020-12-16T15:21:44.437Z",
    "end": "2020-12-16T15:21:48.465Z",
    "duration": 4028,
    "testsRegistered": 1,
    "passPercent": 100,
    "pendingPercent": 0,
    "other": 0,
    "hasOther": false,
    "skipped": 0,
    "hasSkipped": false
  },
  "results": [
    {
      "uuid": "f8c7cdf9-7772-4d4a-9b35-b238f489b49a",
      "title": "",
      "fullFile": "cypress/integration/testcases/TC3-OpenAccountTest.spec.js",
      "file": "cypress/integration/testcases/TC3-OpenAccountTest.spec.js",
      "beforeHooks": [],
      "afterHooks": [],
      "tests": [],
      "suites": [
        {
          "uuid": "293344dc-e10a-43b7-821d-7f63fd284071",
          "title": "Add a Open one account",
          "fullFile": "",
          "file": "",
          "beforeHooks": [],
          "afterHooks": [],
          "tests": [
            {
              "title": "Verify the successful opening of a new account",
              "fullTitle": "Add a Open one account Verify the successful opening of a new account",
              "timedOut": null,
              "duration": 4007,
              "state": "passed",
              "speed": "slow",
              "pass": true,
              "fail": false,
              "pending": false,
              "context": null,
              "code": "addCustomerPage.addCustomerWithAllDetails(data.firstname, data.lastname, data.postcode);\naddCustomerPage.validateAlertMessage(data.custmsg);\nopenAccountPage.openAccount(data.customer, data.currency);\nopenAccountPage.validateAlertMessage1(data.accountmsg);",
              "err": {},
              "uuid": "5f2aa390-2454-4e60-adb1-3f90d33155a0",
              "parentUUID": "293344dc-e10a-43b7-821d-7f63fd284071",
              "isHook": false,
              "skipped": false
            }
          ],
          "suites": [],
          "passes": [
            "5f2aa390-2454-4e60-adb1-3f90d33155a0"
          ],
          "failures": [],
          "pending": [],
          "skipped": [],
          "duration": 4007,
          "root": false,
          "rootEmpty": false,
          "_timeout": 2000
        }
      ],
      "passes": [],
      "failures": [],
      "pending": [],
      "skipped": [],
      "duration": 0,
      "root": true,
      "rootEmpty": true,
      "_timeout": 2000
    }
  ],
  "meta": {
    "mocha": {
      "version": "7.0.1"
    },
    "mochawesome": {
      "options": {
        "quiet": false,
        "reportFilename": "mochawesome",
        "saveHtml": false,
        "saveJson": true,
        "consoleReporter": "spec",
        "useInlineDiffs": false,
        "code": true
      },
      "version": "6.2.1"
    },
    "marge": {
      "options": {
        "id": "default",
        "reportDir": "/home/pad/Miha/cypress/PageObjectModel/cypress/reports/mocha",
        "quite": true,
        "charts": true,
        "overwrite": false,
        "html": false,
        "json": true
      },
      "version": "5.1.0"
    }
  }
}