{
  "stats": {
    "suites": 1,
    "tests": 1,
    "passes": 1,
    "pending": 0,
    "failures": 0,
    "start": "2020-12-16T11:55:45.199Z",
    "end": "2020-12-16T11:55:47.666Z",
    "duration": 2467,
    "testsRegistered": 1,
    "passPercent": 100,
    "pendingPercent": 0,
    "other": 0,
    "hasOther": false,
    "skipped": 0,
    "hasSkipped": false
  },
  "results": [
    {
      "uuid": "c4304657-a338-4945-b253-cfe832cc9dc3",
      "title": "",
      "fullFile": "cypress/integration/testcases/TC2-AddCustomerTest.spec.js",
      "file": "cypress/integration/testcases/TC2-AddCustomerTest.spec.js",
      "beforeHooks": [],
      "afterHooks": [],
      "tests": [],
      "suites": [
        {
          "uuid": "4f413427-76f9-4e87-9de0-35507d560420",
          "title": "Add a customer",
          "fullFile": "",
          "file": "",
          "beforeHooks": [],
          "afterHooks": [],
          "tests": [
            {
              "title": "Verify the successful addition of a customer",
              "fullTitle": "Add a customer Verify the successful addition of a customer",
              "timedOut": null,
              "duration": 2452,
              "state": "passed",
              "speed": "slow",
              "pass": true,
              "fail": false,
              "pending": false,
              "context": null,
              "code": "addCustomerPage.addCustomerWithAllDetails(data.firstname, data.lastname, data.postcode);\naddCustomerPage.validateAlertMessage(data.custmsg);",
              "err": {},
              "uuid": "fa0c5e03-f70f-4c32-beb4-6b4f335d9b1a",
              "parentUUID": "4f413427-76f9-4e87-9de0-35507d560420",
              "isHook": false,
              "skipped": false
            }
          ],
          "suites": [],
          "passes": [
            "fa0c5e03-f70f-4c32-beb4-6b4f335d9b1a"
          ],
          "failures": [],
          "pending": [],
          "skipped": [],
          "duration": 2452,
          "root": false,
          "rootEmpty": false,
          "_timeout": 2000
        }
      ],
      "passes": [],
      "failures": [],
      "pending": [],
      "skipped": [],
      "duration": 0,
      "root": true,
      "rootEmpty": true,
      "_timeout": 2000
    }
  ],
  "meta": {
    "mocha": {
      "version": "7.0.1"
    },
    "mochawesome": {
      "options": {
        "quiet": false,
        "reportFilename": "mochawesome",
        "saveHtml": false,
        "saveJson": true,
        "consoleReporter": "spec",
        "useInlineDiffs": false,
        "code": true
      },
      "version": "6.2.1"
    },
    "marge": {
      "options": {
        "id": "default",
        "reportDir": "/home/pad/Miha/cypress/PageObjectModel/cypress/reports/mocha",
        "quite": true,
        "charts": true,
        "overwrite": false,
        "html": false,
        "json": true
      },
      "version": "5.1.0"
    }
  }
}