{
  "stats": {
    "suites": 3,
    "tests": 4,
    "passes": 4,
    "pending": 0,
    "failures": 0,
    "start": "2020-12-16T11:55:40.075Z",
    "end": "2020-12-16T11:55:53.623Z",
    "duration": 7915,
    "testsRegistered": 4,
    "passPercent": 100,
    "pendingPercent": 0,
    "other": 0,
    "hasOther": false,
    "skipped": 0,
    "hasSkipped": false
  },
  "results": [
    {
      "uuid": "34c385b0-b790-466f-b441-fa3f8211a737",
      "title": "",
      "fullFile": "cypress/integration/testcases/TC1-BankManagerLoginTest.spec.js",
      "file": "cypress/integration/testcases/TC1-BankManagerLoginTest.spec.js",
      "beforeHooks": [],
      "afterHooks": [],
      "tests": [],
      "suites": [
        {
          "uuid": "17b8774d-9581-4faa-986d-71e011941c07",
          "title": "Login as Bank Manager",
          "fullFile": "",
          "file": "",
          "beforeHooks": [],
          "afterHooks": [],
          "tests": [
            {
              "title": "Validate the title of the page",
              "fullTitle": "Login as Bank Manager Validate the title of the page",
              "timedOut": null,
              "duration": 1586,
              "state": "passed",
              "speed": "slow",
              "pass": true,
              "fail": false,
              "pending": false,
              "context": null,
              "code": "homePage.validateTitle().should('eq', 'Protractor practice website - Banking App');",
              "err": {},
              "uuid": "218cf6e2-53ab-432e-af9e-93145b78d9b6",
              "parentUUID": "17b8774d-9581-4faa-986d-71e011941c07",
              "isHook": false,
              "skipped": false
            },
            {
              "title": "Verify login as Bank Manager",
              "fullTitle": "Login as Bank Manager Verify login as Bank Manager",
              "timedOut": null,
              "duration": 742,
              "state": "passed",
              "speed": "slow",
              "pass": true,
              "fail": false,
              "pending": false,
              "context": null,
              "code": "homePage.loginAsBankManager();",
              "err": {},
              "uuid": "3abf87fb-edd3-4f6f-befc-a687d903bf88",
              "parentUUID": "17b8774d-9581-4faa-986d-71e011941c07",
              "isHook": false,
              "skipped": false
            }
          ],
          "suites": [],
          "passes": [
            "218cf6e2-53ab-432e-af9e-93145b78d9b6",
            "3abf87fb-edd3-4f6f-befc-a687d903bf88"
          ],
          "failures": [],
          "pending": [],
          "skipped": [],
          "duration": 2328,
          "root": false,
          "rootEmpty": false,
          "_timeout": 2000
        }
      ],
      "passes": [],
      "failures": [],
      "pending": [],
      "skipped": [],
      "duration": 0,
      "root": true,
      "rootEmpty": true,
      "_timeout": 2000
    },
    {
      "uuid": "c4304657-a338-4945-b253-cfe832cc9dc3",
      "title": "",
      "fullFile": "cypress/integration/testcases/TC2-AddCustomerTest.spec.js",
      "file": "cypress/integration/testcases/TC2-AddCustomerTest.spec.js",
      "beforeHooks": [],
      "afterHooks": [],
      "tests": [],
      "suites": [
        {
          "uuid": "4f413427-76f9-4e87-9de0-35507d560420",
          "title": "Add a customer",
          "fullFile": "",
          "file": "",
          "beforeHooks": [],
          "afterHooks": [],
          "tests": [
            {
              "title": "Verify the successful addition of a customer",
              "fullTitle": "Add a customer Verify the successful addition of a customer",
              "timedOut": null,
              "duration": 2452,
              "state": "passed",
              "speed": "slow",
              "pass": true,
              "fail": false,
              "pending": false,
              "context": null,
              "code": "addCustomerPage.addCustomerWithAllDetails(data.firstname, data.lastname, data.postcode);\naddCustomerPage.validateAlertMessage(data.custmsg);",
              "err": {},
              "uuid": "fa0c5e03-f70f-4c32-beb4-6b4f335d9b1a",
              "parentUUID": "4f413427-76f9-4e87-9de0-35507d560420",
              "isHook": false,
              "skipped": false
            }
          ],
          "suites": [],
          "passes": [
            "fa0c5e03-f70f-4c32-beb4-6b4f335d9b1a"
          ],
          "failures": [],
          "pending": [],
          "skipped": [],
          "duration": 2452,
          "root": false,
          "rootEmpty": false,
          "_timeout": 2000
        }
      ],
      "passes": [],
      "failures": [],
      "pending": [],
      "skipped": [],
      "duration": 0,
      "root": true,
      "rootEmpty": true,
      "_timeout": 2000
    },
    {
      "uuid": "d3c10e3b-e69b-4781-abc6-c175024aa661",
      "title": "",
      "fullFile": "cypress/integration/testcases/TC3-OpenAccountTest.spec.js",
      "file": "cypress/integration/testcases/TC3-OpenAccountTest.spec.js",
      "beforeHooks": [],
      "afterHooks": [],
      "tests": [],
      "suites": [
        {
          "uuid": "2aa6fdcc-13e6-43ce-8c34-84437bff40cb",
          "title": "Add a Open one account",
          "fullFile": "",
          "file": "",
          "beforeHooks": [],
          "afterHooks": [],
          "tests": [
            {
              "title": "Verify the successful opening of a new account",
              "fullTitle": "Add a Open one account Verify the successful opening of a new account",
              "timedOut": null,
              "duration": 3135,
              "state": "passed",
              "speed": "slow",
              "pass": true,
              "fail": false,
              "pending": false,
              "context": null,
              "code": "addCustomerPage.addCustomerWithAllDetails(data.firstname, data.lastname, data.postcode);\naddCustomerPage.validateAlertMessage(data.custmsg);\nopenAccountPage.openAccount(data.customer, data.currency);\nopenAccountPage.validateAlertMessage1(data.accountmsg);",
              "err": {},
              "uuid": "844751a0-5aea-4da3-9f2d-0680d4de00d8",
              "parentUUID": "2aa6fdcc-13e6-43ce-8c34-84437bff40cb",
              "isHook": false,
              "skipped": false
            }
          ],
          "suites": [],
          "passes": [
            "844751a0-5aea-4da3-9f2d-0680d4de00d8"
          ],
          "failures": [],
          "pending": [],
          "skipped": [],
          "duration": 3135,
          "root": false,
          "rootEmpty": false,
          "_timeout": 2000
        }
      ],
      "passes": [],
      "failures": [],
      "pending": [],
      "skipped": [],
      "duration": 0,
      "root": true,
      "rootEmpty": true,
      "_timeout": 2000
    }
  ],
  "meta": {
    "mocha": {
      "version": "7.0.1"
    },
    "mochawesome": {
      "options": {
        "quiet": false,
        "reportFilename": "mochawesome",
        "saveHtml": false,
        "saveJson": true,
        "consoleReporter": "spec",
        "useInlineDiffs": false,
        "code": true
      },
      "version": "6.2.1"
    },
    "marge": {
      "options": {
        "id": "default",
        "reportDir": "/home/pad/Miha/cypress/PageObjectModel/cypress/reports/mocha",
        "quite": true,
        "charts": true,
        "overwrite": false,
        "html": false,
        "json": true
      },
      "version": "5.1.0"
    }
  }
}